<?xml version="1.0" encoding="UTF-8" ?>
<testsuite 
errors="0" failures="0" hostname="EVANONEYAN-PC0" name="org.scalatest.tools.DiscoverySuite" tests="0" time="0.013" timestamp="2019-10-21T17:13:44">
  <properties>
    <property name="java.runtime.name" value="Java(TM) SE Runtime Environment">
    </property>
    <property name="sun.boot.library.path" value="F:\jdk\jre\bin"> </property>
    <property name="java.vm.version" value="25.131-b11"> </property>
    <property name="java.vm.vendor" value="Oracle Corporation"> </property>
    <property name="java.vendor.url" value="http://java.oracle.com/">
    </property>
    <property name="path.separator" value=";"> </property>
    <property name="java.vm.name" value="Java HotSpot(TM) 64-Bit Server VM">
    </property>
    <property name="file.encoding.pkg" value="sun.io"> </property>
    <property name="user.script" value=""> </property>
    <property name="user.country" value="CN"> </property>
    <property name="sun.java.launcher" value="SUN_STANDARD"> </property>
    <property name="sun.os.patch.level" value=""> </property>
    <property 
    name="java.vm.specification.name" value="Java Virtual Machine Specification">
</property>
    <property 
    name="user.dir" value="D:\Desktop\云计算作业\movieRecommend\特征清洗及推荐算法\code">
</property>
    <property name="java.runtime.version" value="1.8.0_131-b11"> </property>
    <property 
    name="java.awt.graphicsenv" value="sun.awt.Win32GraphicsEnvironment">
</property>
    <property 
    name="basedir" value="D:\Desktop\云计算作业\movieRecommend\特征清洗及推荐算法\code">
</property>
    <property name="java.endorsed.dirs" value="F:\jdk\jre\lib\endorsed">
    </property>
    <property name="os.arch" value="amd64"> </property>
    <property 
    name="java.io.tmpdir" value="C:\Users\EVANON~1\AppData\Local\Temp\">
</property>
    <property name="line.separator" value=" "> </property>
    <property name="java.vm.specification.vendor" value="Oracle Corporation">
    </property>
    <property name="user.variant" value=""> </property>
    <property name="os.name" value="Windows 10"> </property>
    <property name="sun.jnu.encoding" value="GBK"> </property>
    <property 
    name="java.library.path" value="F:\jdk\bin;C:\windows\Sun\Java\bin;C:\windows\system32;C:\windows;C:\ProgramData\Oracle\Java\javapath;C:\windows\system32;C:\windows;C:\windows\System32\Wbem;C:\windows\System32\WindowsPowerShell\v1.0\;C:\windows\System32\OpenSSH\;F:\scala\bin;D:\soft\gradle-4.8\bin;D:\soft\;D:\Anaconda3;D:\Anaconda3\Scripts;D:\Anaconda3\Library\bin;F:\Git\cmd;D:\apache-maven-3.6.2\bin;C:\Users\evanoneyang\AppData\Local\Microsoft\WindowsApps;F:\Microsoft VS Code\bin;&quot;D:\soft\gradle-4.8\bin;&quot;;C:\Users\evanoneyang\AppData\Roaming\npm;D:\Anaconda3\Scripts;F:\graphviz\bin;F:\jdk\bin;F:\jdk\jre\bin;;.">
</property>
    <property 
    name="java.specification.name" value="Java Platform API Specification">
</property>
    <property name="java.class.version" value="52.0"> </property>
    <property 
    name="sun.management.compiler" value="HotSpot 64-Bit Tiered Compilers">
</property>
    <property name="os.version" value="10.0"> </property>
    <property name="user.home" value="C:\Users\evanoneyang"> </property>
    <property name="user.timezone" value=""> </property>
    <property name="java.awt.printerjob" value="sun.awt.windows.WPrinterJob">
    </property>
    <property name="file.encoding" value="GBK"> </property>
    <property name="java.specification.version" value="1.8"> </property>
    <property name="user.name" value="evanoneyang"> </property>
    <property 
    name="java.class.path" value="D:\Desktop\云计算作业\movieRecommend\特征清洗及推荐算法\code\target\test-classes;D:\Desktop\云计算作业\movieRecommend\特征清洗及推荐算法\code\target\classes;C:\Users\evanoneyang\.m2\repository\com\tencent\georgexli\legacy_omg_utils\2.0.0\legacy_omg_utils-2.0.0.jar;C:\Users\evanoneyang\.m2\repository\com\omg\ons\nameserver\1.0.0\nameserver-1.0.0.jar;C:\Users\evanoneyang\.m2\repository\com\lihaoyi\sourcecode_2.11\0.1.3\sourcecode_2.11-0.1.3.jar;C:\Users\evanoneyang\.m2\repository\org\scala-lang\scala-library\2.11.8\scala-library-2.11.8.jar;C:\Users\evanoneyang\.m2\repository\com\huaban\jieba-analysis\1.0.2\jieba-analysis-1.0.2.jar;C:\Users\evanoneyang\.m2\repository\org\apache\commons\commons-lang3\3.3.1\commons-lang3-3.3.1.jar;C:\Users\evanoneyang\.m2\repository\org\apache\spark\spark-core_2.11\2.1.2\spark-core_2.11-2.1.2.jar;C:\Users\evanoneyang\.m2\repository\org\apache\avro\avro-mapred\1.7.7\avro-mapred-1.7.7-hadoop2.jar;C:\Users\evanoneyang\.m2\repository\org\apache\avro\avro-ipc\1.7.7\avro-ipc-1.7.7.jar;C:\Users\evanoneyang\.m2\repository\org\apache\avro\avro\1.7.7\avro-1.7.7.jar;C:\Users\evanoneyang\.m2\repository\org\apache\avro\avro-ipc\1.7.7\avro-ipc-1.7.7-tests.jar;C:\Users\evanoneyang\.m2\repository\org\codehaus\jackson\jackson-core-asl\1.9.13\jackson-core-asl-1.9.13.jar;C:\Users\evanoneyang\.m2\repository\org\codehaus\jackson\jackson-mapper-asl\1.9.13\jackson-mapper-asl-1.9.13.jar;C:\Users\evanoneyang\.m2\repository\com\twitter\chill_2.11\0.8.0\chill_2.11-0.8.0.jar;C:\Users\evanoneyang\.m2\repository\com\esotericsoftware\kryo-shaded\3.0.3\kryo-shaded-3.0.3.jar;C:\Users\evanoneyang\.m2\repository\com\esotericsoftware\minlog\1.3.0\minlog-1.3.0.jar;C:\Users\evanoneyang\.m2\repository\com\twitter\chill-java\0.8.0\chill-java-0.8.0.jar;C:\Users\evanoneyang\.m2\repository\org\apache\xbean\xbean-asm5-shaded\4.4\xbean-asm5-shaded-4.4.jar;C:\Users\evanoneyang\.m2\repository\org\apache\hadoop\hadoop-client\2.2.0\hadoop-client-2.2.0.jar;C:\Users\evanoneyang\.m2\repository\org\apache\hadoop\hadoop-common\2.2.0\hadoop-common-2.2.0.jar;C:\Users\evanoneyang\.m2\repository\commons-cli\commons-cli\1.2\commons-cli-1.2.jar;C:\Users\evanoneyang\.m2\repository\org\apache\commons\commons-math\2.1\commons-math-2.1.jar;C:\Users\evanoneyang\.m2\repository\xmlenc\xmlenc\0.52\xmlenc-0.52.jar;C:\Users\evanoneyang\.m2\repository\commons-io\commons-io\2.1\commons-io-2.1.jar;C:\Users\evanoneyang\.m2\repository\commons-configuration\commons-configuration\1.6\commons-configuration-1.6.jar;C:\Users\evanoneyang\.m2\repository\commons-digester\commons-digester\1.8\commons-digester-1.8.jar;C:\Users\evanoneyang\.m2\repository\commons-beanutils\commons-beanutils\1.7.0\commons-beanutils-1.7.0.jar;C:\Users\evanoneyang\.m2\repository\commons-beanutils\commons-beanutils-core\1.8.0\commons-beanutils-core-1.8.0.jar;C:\Users\evanoneyang\.m2\repository\com\google\protobuf\protobuf-java\2.5.0\protobuf-java-2.5.0.jar;C:\Users\evanoneyang\.m2\repository\org\apache\hadoop\hadoop-auth\2.2.0\hadoop-auth-2.2.0.jar;C:\Users\evanoneyang\.m2\repository\org\apache\commons\commons-compress\1.4.1\commons-compress-1.4.1.jar;C:\Users\evanoneyang\.m2\repository\org\tukaani\xz\1.0\xz-1.0.jar;C:\Users\evanoneyang\.m2\repository\org\apache\hadoop\hadoop-hdfs\2.2.0\hadoop-hdfs-2.2.0.jar;C:\Users\evanoneyang\.m2\repository\org\mortbay\jetty\jetty-util\6.1.26\jetty-util-6.1.26.jar;C:\Users\evanoneyang\.m2\repository\org\apache\hadoop\hadoop-mapreduce-client-app\2.2.0\hadoop-mapreduce-client-app-2.2.0.jar;C:\Users\evanoneyang\.m2\repository\org\apache\hadoop\hadoop-mapreduce-client-common\2.2.0\hadoop-mapreduce-client-common-2.2.0.jar;C:\Users\evanoneyang\.m2\repository\org\apache\hadoop\hadoop-yarn-client\2.2.0\hadoop-yarn-client-2.2.0.jar;C:\Users\evanoneyang\.m2\repository\com\google\inject\guice\3.0\guice-3.0.jar;C:\Users\evanoneyang\.m2\repository\javax\inject\javax.inject\1\javax.inject-1.jar;C:\Users\evanoneyang\.m2\repository\aopalliance\aopalliance\1.0\aopalliance-1.0.jar;C:\Users\evanoneyang\.m2\repository\org\apache\hadoop\hadoop-yarn-server-common\2.2.0\hadoop-yarn-server-common-2.2.0.jar;C:\Users\evanoneyang\.m2\repository\org\apache\hadoop\hadoop-mapreduce-client-shuffle\2.2.0\hadoop-mapreduce-client-shuffle-2.2.0.jar;C:\Users\evanoneyang\.m2\repository\org\apache\hadoop\hadoop-yarn-api\2.2.0\hadoop-yarn-api-2.2.0.jar;C:\Users\evanoneyang\.m2\repository\org\apache\hadoop\hadoop-mapreduce-client-core\2.2.0\hadoop-mapreduce-client-core-2.2.0.jar;C:\Users\evanoneyang\.m2\repository\org\apache\hadoop\hadoop-yarn-common\2.2.0\hadoop-yarn-common-2.2.0.jar;C:\Users\evanoneyang\.m2\repository\org\apache\hadoop\hadoop-mapreduce-client-jobclient\2.2.0\hadoop-mapreduce-client-jobclient-2.2.0.jar;C:\Users\evanoneyang\.m2\repository\org\apache\hadoop\hadoop-annotations\2.2.0\hadoop-annotations-2.2.0.jar;C:\Users\evanoneyang\.m2\repository\org\apache\spark\spark-launcher_2.11\2.1.2\spark-launcher_2.11-2.1.2.jar;C:\Users\evanoneyang\.m2\repository\org\apache\spark\spark-network-common_2.11\2.1.2\spark-network-common_2.11-2.1.2.jar;C:\Users\evanoneyang\.m2\repository\org\fusesource\leveldbjni\leveldbjni-all\1.8\leveldbjni-all-1.8.jar;C:\Users\evanoneyang\.m2\repository\com\fasterxml\jackson\core\jackson-annotations\2.6.5\jackson-annotations-2.6.5.jar;C:\Users\evanoneyang\.m2\repository\org\apache\spark\spark-network-shuffle_2.11\2.1.2\spark-network-shuffle_2.11-2.1.2.jar;C:\Users\evanoneyang\.m2\repository\org\apache\spark\spark-unsafe_2.11\2.1.2\spark-unsafe_2.11-2.1.2.jar;C:\Users\evanoneyang\.m2\repository\net\java\dev\jets3t\jets3t\0.7.1\jets3t-0.7.1.jar;C:\Users\evanoneyang\.m2\repository\commons-codec\commons-codec\1.3\commons-codec-1.3.jar;C:\Users\evanoneyang\.m2\repository\commons-httpclient\commons-httpclient\3.1\commons-httpclient-3.1.jar;C:\Users\evanoneyang\.m2\repository\org\apache\curator\curator-recipes\2.4.0\curator-recipes-2.4.0.jar;C:\Users\evanoneyang\.m2\repository\org\apache\zookeeper\zookeeper\3.4.5\zookeeper-3.4.5.jar;C:\Users\evanoneyang\.m2\repository\com\google\guava\guava\14.0.1\guava-14.0.1.jar;C:\Users\evanoneyang\.m2\repository\javax\servlet\javax.servlet-api\3.1.0\javax.servlet-api-3.1.0.jar;C:\Users\evanoneyang\.m2\repository\org\apache\commons\commons-math3\3.4.1\commons-math3-3.4.1.jar;C:\Users\evanoneyang\.m2\repository\com\google\code\findbugs\jsr305\1.3.9\jsr305-1.3.9.jar;C:\Users\evanoneyang\.m2\repository\org\slf4j\slf4j-api\1.7.16\slf4j-api-1.7.16.jar;C:\Users\evanoneyang\.m2\repository\org\slf4j\jul-to-slf4j\1.7.16\jul-to-slf4j-1.7.16.jar;C:\Users\evanoneyang\.m2\repository\org\slf4j\jcl-over-slf4j\1.7.16\jcl-over-slf4j-1.7.16.jar;C:\Users\evanoneyang\.m2\repository\log4j\log4j\1.2.17\log4j-1.2.17.jar;C:\Users\evanoneyang\.m2\repository\org\slf4j\slf4j-log4j12\1.7.16\slf4j-log4j12-1.7.16.jar;C:\Users\evanoneyang\.m2\repository\com\ning\compress-lzf\1.0.3\compress-lzf-1.0.3.jar;C:\Users\evanoneyang\.m2\repository\org\xerial\snappy\snappy-java\1.1.2.6\snappy-java-1.1.2.6.jar;C:\Users\evanoneyang\.m2\repository\net\jpountz\lz4\lz4\1.3.0\lz4-1.3.0.jar;C:\Users\evanoneyang\.m2\repository\org\roaringbitmap\RoaringBitmap\0.5.11\RoaringBitmap-0.5.11.jar;C:\Users\evanoneyang\.m2\repository\commons-net\commons-net\2.2\commons-net-2.2.jar;C:\Users\evanoneyang\.m2\repository\org\json4s\json4s-jackson_2.11\3.2.11\json4s-jackson_2.11-3.2.11.jar;C:\Users\evanoneyang\.m2\repository\org\json4s\json4s-core_2.11\3.2.11\json4s-core_2.11-3.2.11.jar;C:\Users\evanoneyang\.m2\repository\org\json4s\json4s-ast_2.11\3.2.11\json4s-ast_2.11-3.2.11.jar;C:\Users\evanoneyang\.m2\repository\com\thoughtworks\paranamer\paranamer\2.6\paranamer-2.6.jar;C:\Users\evanoneyang\.m2\repository\org\scala-lang\scalap\2.11.0\scalap-2.11.0.jar;C:\Users\evanoneyang\.m2\repository\org\scala-lang\scala-compiler\2.11.0\scala-compiler-2.11.0.jar;C:\Users\evanoneyang\.m2\repository\org\glassfish\jersey\core\jersey-client\2.22.2\jersey-client-2.22.2.jar;C:\Users\evanoneyang\.m2\repository\javax\ws\rs\javax.ws.rs-api\2.0.1\javax.ws.rs-api-2.0.1.jar;C:\Users\evanoneyang\.m2\repository\org\glassfish\hk2\hk2-api\2.4.0-b34\hk2-api-2.4.0-b34.jar;C:\Users\evanoneyang\.m2\repository\org\glassfish\hk2\hk2-utils\2.4.0-b34\hk2-utils-2.4.0-b34.jar;C:\Users\evanoneyang\.m2\repository\org\glassfish\hk2\external\aopalliance-repackaged\2.4.0-b34\aopalliance-repackaged-2.4.0-b34.jar;C:\Users\evanoneyang\.m2\repository\org\glassfish\hk2\external\javax.inject\2.4.0-b34\javax.inject-2.4.0-b34.jar;C:\Users\evanoneyang\.m2\repository\org\glassfish\hk2\hk2-locator\2.4.0-b34\hk2-locator-2.4.0-b34.jar;C:\Users\evanoneyang\.m2\repository\org\javassist\javassist\3.18.1-GA\javassist-3.18.1-GA.jar;C:\Users\evanoneyang\.m2\repository\org\glassfish\jersey\core\jersey-common\2.22.2\jersey-common-2.22.2.jar;C:\Users\evanoneyang\.m2\repository\javax\annotation\javax.annotation-api\1.2\javax.annotation-api-1.2.jar;C:\Users\evanoneyang\.m2\repository\org\glassfish\jersey\bundles\repackaged\jersey-guava\2.22.2\jersey-guava-2.22.2.jar;C:\Users\evanoneyang\.m2\repository\org\glassfish\hk2\osgi-resource-locator\1.0.1\osgi-resource-locator-1.0.1.jar;C:\Users\evanoneyang\.m2\repository\org\glassfish\jersey\core\jersey-server\2.22.2\jersey-server-2.22.2.jar;C:\Users\evanoneyang\.m2\repository\org\glassfish\jersey\media\jersey-media-jaxb\2.22.2\jersey-media-jaxb-2.22.2.jar;C:\Users\evanoneyang\.m2\repository\javax\validation\validation-api\1.1.0.Final\validation-api-1.1.0.Final.jar;C:\Users\evanoneyang\.m2\repository\org\glassfish\jersey\containers\jersey-container-servlet\2.22.2\jersey-container-servlet-2.22.2.jar;C:\Users\evanoneyang\.m2\repository\org\glassfish\jersey\containers\jersey-container-servlet-core\2.22.2\jersey-container-servlet-core-2.22.2.jar;C:\Users\evanoneyang\.m2\repository\io\netty\netty-all\4.0.43.Final\netty-all-4.0.43.Final.jar;C:\Users\evanoneyang\.m2\repository\io\netty\netty\3.8.0.Final\netty-3.8.0.Final.jar;C:\Users\evanoneyang\.m2\repository\com\clearspring\analytics\stream\2.7.0\stream-2.7.0.jar;C:\Users\evanoneyang\.m2\repository\io\dropwizard\metrics\metrics-core\3.1.2\metrics-core-3.1.2.jar;C:\Users\evanoneyang\.m2\repository\io\dropwizard\metrics\metrics-jvm\3.1.2\metrics-jvm-3.1.2.jar;C:\Users\evanoneyang\.m2\repository\io\dropwizard\metrics\metrics-json\3.1.2\metrics-json-3.1.2.jar;C:\Users\evanoneyang\.m2\repository\io\dropwizard\metrics\metrics-graphite\3.1.2\metrics-graphite-3.1.2.jar;C:\Users\evanoneyang\.m2\repository\com\fasterxml\jackson\core\jackson-databind\2.6.5\jackson-databind-2.6.5.jar;C:\Users\evanoneyang\.m2\repository\com\fasterxml\jackson\core\jackson-core\2.6.5\jackson-core-2.6.5.jar;C:\Users\evanoneyang\.m2\repository\com\fasterxml\jackson\module\jackson-module-scala_2.11\2.6.5\jackson-module-scala_2.11-2.6.5.jar;C:\Users\evanoneyang\.m2\repository\com\fasterxml\jackson\module\jackson-module-paranamer\2.6.5\jackson-module-paranamer-2.6.5.jar;C:\Users\evanoneyang\.m2\repository\org\apache\ivy\ivy\2.4.0\ivy-2.4.0.jar;C:\Users\evanoneyang\.m2\repository\oro\oro\2.0.8\oro-2.0.8.jar;C:\Users\evanoneyang\.m2\repository\net\razorvine\pyrolite\4.13\pyrolite-4.13.jar;C:\Users\evanoneyang\.m2\repository\net\sf\py4j\py4j\0.10.4\py4j-0.10.4.jar;C:\Users\evanoneyang\.m2\repository\org\apache\spark\spark-tags_2.11\2.1.2\spark-tags_2.11-2.1.2.jar;C:\Users\evanoneyang\.m2\repository\org\apache\commons\commons-crypto\1.0.0\commons-crypto-1.0.0.jar;C:\Users\evanoneyang\.m2\repository\org\spark-project\spark\unused\1.0.0\unused-1.0.0.jar;C:\Users\evanoneyang\.m2\repository\org\apache\spark\spark-sql_2.11\2.1.2\spark-sql_2.11-2.1.2.jar;C:\Users\evanoneyang\.m2\repository\com\univocity\univocity-parsers\2.2.1\univocity-parsers-2.2.1.jar;C:\Users\evanoneyang\.m2\repository\org\apache\spark\spark-sketch_2.11\2.1.2\spark-sketch_2.11-2.1.2.jar;C:\Users\evanoneyang\.m2\repository\org\apache\spark\spark-catalyst_2.11\2.1.2\spark-catalyst_2.11-2.1.2.jar;C:\Users\evanoneyang\.m2\repository\org\codehaus\janino\janino\3.0.0\janino-3.0.0.jar;C:\Users\evanoneyang\.m2\repository\org\codehaus\janino\commons-compiler\3.0.0\commons-compiler-3.0.0.jar;C:\Users\evanoneyang\.m2\repository\org\antlr\antlr4-runtime\4.5.3\antlr4-runtime-4.5.3.jar;C:\Users\evanoneyang\.m2\repository\org\apache\parquet\parquet-column\1.8.1\parquet-column-1.8.1.jar;C:\Users\evanoneyang\.m2\repository\org\apache\parquet\parquet-common\1.8.1\parquet-common-1.8.1.jar;C:\Users\evanoneyang\.m2\repository\org\apache\parquet\parquet-encoding\1.8.1\parquet-encoding-1.8.1.jar;C:\Users\evanoneyang\.m2\repository\org\apache\parquet\parquet-hadoop\1.8.1\parquet-hadoop-1.8.1.jar;C:\Users\evanoneyang\.m2\repository\org\apache\parquet\parquet-format\2.3.0-incubating\parquet-format-2.3.0-incubating.jar;C:\Users\evanoneyang\.m2\repository\org\apache\parquet\parquet-jackson\1.8.1\parquet-jackson-1.8.1.jar;C:\Users\evanoneyang\.m2\repository\org\apache\spark\spark-streaming_2.11\2.1.2\spark-streaming_2.11-2.1.2.jar;C:\Users\evanoneyang\.m2\repository\org\apache\spark\spark-mllib_2.11\2.1.2\spark-mllib_2.11-2.1.2.jar;C:\Users\evanoneyang\.m2\repository\org\apache\spark\spark-mllib-local_2.11\2.1.2\spark-mllib-local_2.11-2.1.2.jar;C:\Users\evanoneyang\.m2\repository\org\scalanlp\breeze_2.11\0.12\breeze_2.11-0.12.jar;C:\Users\evanoneyang\.m2\repository\org\scalanlp\breeze-macros_2.11\0.12\breeze-macros_2.11-0.12.jar;C:\Users\evanoneyang\.m2\repository\net\sf\opencsv\opencsv\2.3\opencsv-2.3.jar;C:\Users\evanoneyang\.m2\repository\com\github\rwl\jtransforms\2.4.0\jtransforms-2.4.0.jar;C:\Users\evanoneyang\.m2\repository\org\spire-math\spire_2.11\0.7.4\spire_2.11-0.7.4.jar;C:\Users\evanoneyang\.m2\repository\org\spire-math\spire-macros_2.11\0.7.4\spire-macros_2.11-0.7.4.jar;C:\Users\evanoneyang\.m2\repository\com\chuusai\shapeless_2.11\2.0.0\shapeless_2.11-2.0.0.jar;C:\Users\evanoneyang\.m2\repository\org\jpmml\pmml-model\1.2.15\pmml-model-1.2.15.jar;C:\Users\evanoneyang\.m2\repository\org\jpmml\pmml-schema\1.2.15\pmml-schema-1.2.15.jar;C:\Users\evanoneyang\.m2\repository\org\apache\spark\spark-graphx_2.11\2.1.2\spark-graphx_2.11-2.1.2.jar;C:\Users\evanoneyang\.m2\repository\com\github\fommil\netlib\core\1.1.2\core-1.1.2.jar;C:\Users\evanoneyang\.m2\repository\net\sourceforge\f2j\arpack_combined_all\0.1\arpack_combined_all-0.1.jar;C:\Users\evanoneyang\.m2\repository\org\apache\spark\spark-streaming-kafka-0-10-assembly_2.11\2.1.2\spark-streaming-kafka-0-10-assembly_2.11-2.1.2.jar;C:\Users\evanoneyang\.m2\repository\ml\dmlc\xgboost4j-spark\0.80-SNAPSHOT\xgboost4j-spark-0.80-SNAPSHOT.jar;C:\Users\evanoneyang\.m2\repository\com\tencent\weixin\l5sys\1.0.0\l5sys-1.0.0.jar;C:\Users\evanoneyang\.m2\repository\com\alibaba\fastjson\1.2.58\fastjson-1.2.58.jar;C:\Users\evanoneyang\.m2\repository\org\apache\curator\curator-framework\4.0.0\curator-framework-4.0.0.jar;C:\Users\evanoneyang\.m2\repository\org\apache\curator\curator-client\4.0.0\curator-client-4.0.0.jar;C:\Users\evanoneyang\.m2\repository\redis\clients\jedis\2.9.0\jedis-2.9.0.jar;C:\Users\evanoneyang\.m2\repository\org\apache\commons\commons-pool2\2.4.2\commons-pool2-2.4.2.jar;C:\Users\evanoneyang\.m2\repository\args4j\args4j\2.0.10\args4j-2.0.10.jar;C:\Users\evanoneyang\.m2\repository\org\apache\velocity\velocity\1.7\velocity-1.7.jar;C:\Users\evanoneyang\.m2\repository\commons-collections\commons-collections\3.2.1\commons-collections-3.2.1.jar;C:\Users\evanoneyang\.m2\repository\commons-lang\commons-lang\2.4\commons-lang-2.4.jar;C:\Users\evanoneyang\.m2\repository\org\scalaj\scalaj-http_2.11\2.3.0\scalaj-http_2.11-2.3.0.jar;C:\Users\evanoneyang\.m2\repository\org\tensorflow\tensorflow\1.10.0\tensorflow-1.10.0.jar;C:\Users\evanoneyang\.m2\repository\org\tensorflow\libtensorflow\1.10.0\libtensorflow-1.10.0.jar;C:\Users\evanoneyang\.m2\repository\org\tensorflow\libtensorflow_jni\1.10.0\libtensorflow_jni-1.10.0.jar;C:\Users\evanoneyang\.m2\repository\junit\junit\4.12\junit-4.12.jar;C:\Users\evanoneyang\.m2\repository\org\hamcrest\hamcrest-core\1.3\hamcrest-core-1.3.jar;C:\Users\evanoneyang\.m2\repository\org\scalatest\scalatest_2.11\3.0.3\scalatest_2.11-3.0.3.jar;C:\Users\evanoneyang\.m2\repository\org\scalactic\scalactic_2.11\3.0.3\scalactic_2.11-3.0.3.jar;C:\Users\evanoneyang\.m2\repository\org\scala-lang\scala-reflect\2.11.8\scala-reflect-2.11.8.jar;C:\Users\evanoneyang\.m2\repository\org\scala-lang\modules\scala-xml_2.11\1.0.5\scala-xml_2.11-1.0.5.jar;C:\Users\evanoneyang\.m2\repository\org\scala-lang\modules\scala-parser-combinators_2.11\1.0.4\scala-parser-combinators_2.11-1.0.4.jar;C:\Users\evanoneyang\.m2\repository\org\mockito\mockito-core\1.10.19\mockito-core-1.10.19.jar;C:\Users\evanoneyang\.m2\repository\org\objenesis\objenesis\2.1\objenesis-2.1.jar;C:\Users\evanoneyang\.m2\repository\org\jmock\jmock-junit4\2.8.4\jmock-junit4-2.8.4.jar;C:\Users\evanoneyang\.m2\repository\org\jmock\jmock\2.8.4\jmock-2.8.4.jar;C:\Users\evanoneyang\.m2\repository\org\jmock\jmock-testjar\2.8.4\jmock-testjar-2.8.4.jar;C:\Users\evanoneyang\.m2\repository\cglib\cglib\3.2.0\cglib-3.2.0.jar;C:\Users\evanoneyang\.m2\repository\org\apache\ant\ant\1.9.4\ant-1.9.4.jar;C:\Users\evanoneyang\.m2\repository\org\apache\ant\ant-launcher\1.9.4\ant-launcher-1.9.4.jar;C:\Users\evanoneyang\.m2\repository\org\ow2\asm\asm\5.0.4\asm-5.0.4.jar;C:\Users\evanoneyang\.m2\repository\org\apache-extras\beanshell\bsh\2.0b6\bsh-2.0b6.jar;C:\Users\evanoneyang\.m2\repository\org\hamcrest\hamcrest-library\1.3\hamcrest-library-1.3.jar;C:\Users\evanoneyang\.m2\repository\org\scalacheck\scalacheck_2.11\1.13.5\scalacheck_2.11-1.13.5.jar;C:\Users\evanoneyang\.m2\repository\org\scala-sbt\test-interface\1.0\test-interface-1.0.jar;C:\Users\evanoneyang\.m2\repository\joda-time\joda-time\2.9.4\joda-time-2.9.4.jar">
</property>
    <property name="java.vm.specification.version" value="1.8"> </property>
    <property name="sun.arch.data.model" value="64"> </property>
    <property name="java.home" value="F:\jdk\jre"> </property>
    <property 
    name="sun.java.command" value="org.scalatest.tools.Runner -R D:\Desktop\云计算作业\movieRecommend\特征清洗及推荐算法\code\target\classes D:\Desktop\云计算作业\movieRecommend\特征清洗及推荐算法\code\target\test-classes -o -f D:\Desktop\云计算作业\movieRecommend\特征清洗及推荐算法\code\target\surefire-reports\TestSuite.txt -u D:\Desktop\云计算作业\movieRecommend\特征清洗及推荐算法\code\target\surefire-reports\.">
</property>
    <property name="java.specification.vendor" value="Oracle Corporation">
    </property>
    <property name="user.language" value="zh"> </property>
    <property name="awt.toolkit" value="sun.awt.windows.WToolkit"> </property>
    <property name="java.vm.info" value="mixed mode"> </property>
    <property name="java.version" value="1.8.0_131"> </property>
    <property 
    name="java.ext.dirs" value="F:\jdk\jre\lib\ext;C:\windows\Sun\Java\lib\ext">
</property>
    <property 
    name="sun.boot.class.path" value="F:\jdk\jre\lib\resources.jar;F:\jdk\jre\lib\rt.jar;F:\jdk\jre\lib\sunrsasign.jar;F:\jdk\jre\lib\jsse.jar;F:\jdk\jre\lib\jce.jar;F:\jdk\jre\lib\charsets.jar;F:\jdk\jre\lib\jfr.jar;F:\jdk\jre\classes">
</property>
    <property name="java.vendor" value="Oracle Corporation"> </property>
    <property name="file.separator" value="\"> </property>
    <property 
    name="java.vendor.url.bug" value="http://bugreport.sun.com/bugreport/">
</property>
    <property name="sun.cpu.endian" value="little"> </property>
    <property name="sun.io.unicode.encoding" value="UnicodeLittle"> </property>
    <property name="sun.desktop" value="windows"> </property>
    <property name="sun.cpu.isalist" value="amd64"> </property>
  </properties>
  <system-out><![CDATA[]]></system-out>
  <system-err><![CDATA[]]></system-err>
</testsuite>
